subprocess 20068 starts, with items total=1602
20068 started
subprocess 20069 starts, with items total=1772
20069 started
subprocess 20071 starts, with items total=1463
20071 started
subprocess 20070 starts, with items total=1525
20070 started
subprocess 20073 starts, with items total=1464
20073 started
subprocess 20072 starts, with items total=1766
20072 started
subprocess 20074 starts, with items total=1425
20074 started
subprocess 20075 starts, with items total=1500
20075 started
subprocess 20076 starts, with items total=1464
20076 started
subprocess 20077 starts, with items total=1486
20077 started
subprocess 20078 starts, with items total=1575
20078 started
subprocess 20079 starts, with items total=1112
20079 started
subprocess 20082 starts, with items total=1326
20082 started
subprocess 20080 starts, with items total=1139
20080 started
subprocess 20084 starts, with items total=1427
20084 started
subprocess 20081 starts, with items total=1109
20081 started
subprocess 20085 starts, with items total=1475
20085 started
subprocess 20086 starts, with items total=1247
20086 started
subprocess 20083 starts, with items total=1516
20083 started
subprocess 20087 starts, with items total=1299
20087 started
subprocess 20069 starts, with items total=9
20069 started
Error getting UniProt ID in https://rest.uniprot.org/uniprotkb/search?query=NM_015967.7(PTPN22)
Error getting UniProt ID in https://rest.uniprot.org/uniprotkb/search?query=NM_002607.6(PDGFA)
Error getting UniProt ID in https://rest.uniError getting UniProt ID in https://rest.uniprot.org/uniprotkb/search?query=NM_022789.4(IL25)
Error getting UniProt ID in https://rest.uniprot.org/uniprotkb/search?query=NM_012360.2(OR1F1)
Error getting UniProt ID in https://rest.uniprot.org/uniprotkb/search?query=NM_015691.5(WWC3)
Error getting UniProt ID in https://rest.uniprot.org/uniprotkb/search?query=NM_018265.4(INAVA)
Error getting UniProt ID in https://rest.uniprot.org/uniprotkb/search?query=NM_003320.5(TUB)
Error getting UniProt ID in https://rest.uniprot.org/uniprotkb/search?query=NM_022789.4(IL25)
Error getting UniProt ID in https://rest.uniprot.org/uniprotkb/search?query=NM_012360.2(OR1F1)
Error getting UniProt ID in https://rest.uniprot.org/uniprotkb/search?query=NM_024885.4(TAF7L)
Error getting UniProt ID in https://rest.uniprot.org/uniprotkb/search?query=NM_018265.4(INAVA)
Error getting UniProt ID in https://rest.uniprot.org/uniprotkb/search?query=NM_033631.5(LUZP1)
Error getting UniProt ID in https://rest.uniprot.org/uniprotkb/search?query=NM_017431.4(PRKAG3)
Error getting UniProt ID in https://rest.uniprot.org/uniprotkb/search?query=NM_000149.4(FUT3)
Error getting UniProt ID in https://rest.uniprot.org/uniprotkb/search?query=NM_003320.5(TUB)
Error getting UniProt ID in https://rest.uniprot.org/uniprotkb/search?query=NM_015691.5(WWC3)
Error getting UniProt ID in https://rest.uniprot.org/uniprotkb/search?query=NM_003320.5(TUB)
Error getting UniProt ID in https://rest.uniprot.org/uniprotkb/search?query=NM_003494.4(DYSF)
Error getting UniProt ID in https://rest.uniprot.org/uniprotkb/search?query=NM_001913.5(CUX1)
Error getting UniProt ID in https://rest.uniprot.org/uniprotkb/search?query=NM_030813.6(CLPB)
Error getting UniProt ID in https://rest.uniprot.org/uniprotkb/search?query=NM_015697.9(COQ2)
Error getting UniProt ID in https://rest.uniprot.org/uniprotkb/search?query=NM_001491.3(GCNT2)
Error getting UniProt ID in https://rest.uniprot.org/uniprotkb/search?query=NM_001723.7(DST)
Error getting UniProt ID in https://rest.uniprot.org/uniprotkb/search?query=NM_001491.3(GCNT2)
Error getting UniProt ID in https://rest.uniprot.org/uniprotkb/search?query=NM_001723.7(DST)
Error getting UniProt ID in https://rest.uniprot.org/uniprotkb/search?query=NM_000937.5(POLR2A)
Error getting UniProt ID in https://rest.uniprot.org/uniprotkb/search?query=NM_001723.7(DST)
Error getting UniProt ID in https://rest.uniprot.org/uniprotkb/search?query=NM_030813.6(CLPB)
Error getting UniProt ID in https://rest.uniprot.org/uniprotkb/search?query=NM_000937.5(POLR2A)
Error getting UniProt ID in https://rest.uniprot.org/uniprotkb/search?query=NM_001723.7(DST)
Error getting UniProt ID in https://rest.uniprot.org/uniprotkb/search?query=NM_000937.5(POLR2A)
Error getting UniProt ID in https://rest.uniprot.org/uniprotkb/search?query=NM_001723.7(DST)
Error getting UniProt ID in https://rest.uniprot.org/uniprotkb/search?query=NM_001723.7(DST)
Error getting UniProt ID in https://rest.uniprot.org/uniprotkb/search?query=NM_000937.5(POLR2A)
Error getting UniProt ID in https://rest.uniprot.org/uniprotkb/search?query=NM_000937.5(POLR2A)
Error getting UniProt ID in https://rest.uniprot.org/uniprotkb/search?query=NM_004315.6(ASAH1)
Error getting UniProt ID in https://rest.uniprot.org/uniprotkb/search?query=NM_000937.5(POLR2A)
Error getting UniProt ID in https://rest.uniprot.org/uniprotkb/search?query=NM_001723.7(DST)
Error getting UniProt ID in https://rest.uniprot.org/uniprotkb/search?query=NM_001723.7(DST)
Error getting UniProt ID in https://rest.uniprot.org/uniprotkb/search?query=NM_030813.6(CLPB)
Error getting UniProt ID in https://rest.uniprot.org/uniprotkb/search?query=NM_003494.4(DYSF)
Error getting UniProt ID in https://rest.uniprot.org/uniprotkb/search?query=NM_004315.6(ASAH1)
Error getting UniProt ID in https://rest.uniprot.org/uniprotkb/search?query=NM_001723.7(DST)
Error getting UniProt ID in https://rest.uniprot.org/uniprotkb/search?query=NM_001723.7(DST)
Error getting UniProt ID in https://rest.uniprot.org/uniprotkb/search?query=NM_030813.6(CLPB)
Error getting UniProt ID in https://rest.uniprot.org/uniprotkb/search?query=NM_003895.4(SYNJ1)
Error getting UniProt ID in https://rest.uniprot.org/uniprotkb/search?query=NM_001913.5(CUX1)
Error getting UniProt ID in https://rest.uniprot.org/uniprotkb/search?query=NM_005709.4(USH1C)
Error getting UniProt ID in https://rest.uniprot.org/uniprotkb/search?query=NM_001723.7(DST)
Error getting UniProt ID in https://rest.uniprot.org/uniprotkb/search?query=NM_033631.5(LUZP1)
Error getting UniProt ID in https://rest.uniprot.org/uniprotkb/search?query=NM_003494.4(DYSF)
Error getting UniProt ID in https://rest.uniprot.org/uniprotkb/search?query=NM_001723.7(DST)
Error getting UniProt ID in https://rest.uniprot.org/uniprotkb/search?query=NM_005709.4(USH1C)
Error getting UniProt ID in https://rest.uniprot.org/uniprotkb/search?query=NM_003494.4(DYSF)
Error getting UniProt ID in https://rest.uniprot.org/uniprotkb/search?query=NM_003494.4(DYSF)
Error getting UniProt ID in https://rest.uniprot.org/uniprotkb/search?query=NM_003494.4(DYSF)
Error getting UniProt ID in https://rest.uniprot.org/uniprotkb/search?query=NM_001723.7(DST)
Error getting UniProt ID in https://rest.uniprot.org/uniprotkb/search?query=NM_003320.5(TUB)
Error getting UniProt ID in https://rest.uniprot.org/uniprotkb/search?query=NM_000937.5(POLR2A)
Error getting UniProt ID in https://rest.uniprot.org/uniprotkb/search?query=NM_004315.6(ASAH1)
Error getting UniProt ID in https://rest.uniprot.org/uniprotkb/search?query=NM_015697.9(COQ2)
Error getting UniProt ID in https://rest.uniprot.org/uniprotkb/search?query=NM_001913.5(CUX1)
Error getting UniProt ID in https://rest.uniprot.org/uniprotkb/search?query=NM_001913.5(CUX1)
Error getting UniProt ID in https://rest.uniprot.org/uniprotkb/search?query=NM_001723.7(DST)
Error getting UniProt ID in https://rest.uniprot.org/uniprotkb/search?query=NM_000937.5(POLR2A)
Error getting UniProt ID in https://rest.uniprot.org/uniprotkb/search?query=NM_017890.5(VPS13B)
Error getting UniProt ID in https://rest.uniprot.org/uniprotkb/search?query=NM_004992.4(MECP2)
Error getting UniProt ID in https://rest.uniprot.org/uniprotkb/search?query=NM_001723.7(DST)
Error getting UniProt ID in https://rest.uniprot.org/uniprotkb/search?query=NM_001723.7(DST)
Error getting UniProt ID in https://rest.uniprot.org/uniprotkb/search?query=NM_003588.4(CUL4B)
Error getting UniProt ID in https://rest.uniprot.org/uniprotkb/search?query=NM_000828.5(GRIA3)
Error getting UniProt ID in https://rest.uniprot.org/uniprotkb/search?query=NM_024318.4(LILRA6)
Error getting UniProt ID in https://rest.uniprot.org/uniprotkb/search?query=NM_001723.7(DST)
Error getting UniProt ID in https://rest.uniprot.org/uniprotkb/search?query=NM_001723.7(DST)
Error getting UniProt ID in https://rest.uniprot.org/uniprotkb/search?query=NM_001723.7(DST)
Error getting UniProt ID in https://rest.uniprot.org/uniprotkb/search?query=NM_001371246.1(SCN2A)
Error getting UniProt ID in https://rest.uniprot.org/uniprotkb/search?query=NM_000720.4(CACNA1D)
Error getting UniProt ID in https://rest.uniprot.org/uniprotkb/search?query=NM_003588.4(CUL4B)
Error getting UniProt ID in https://rest.uniprot.org/uniprotkb/search?query=NM_001723.7(DST)
Error getting UniProt ID in https://rest.uniprot.org/uniprotkb/search?query=NM_001723.7(DST)
Error getting UniProt ID in https://rest.uniprot.org/uniprotkb/search?query=NM_020973.5(GBA3)
Error getting UniProt ID in https://rest.uniprot.org/uniprotkb/search?query=NM_001013672.5(C17orf97)
Error getting UniProt ID in https://rest.uniprot.org/uniprotkb/search?query=NM_013289.3(KIR3DL1)
Error getting UniProt ID in https://rest.uniprot.org/uniprotkb/search?query=NM_012115.4(CASP8AP2)
Error getting UniProt ID in https://rest.uniprot.org/uniprotkb/search?query=NM_012360.2(OR1F1)
Error getting UniProt ID in https://rest.uniprot.org/uniprotkb/search?query=NM_012115.4(CASP8AP2)
Error getting UniProt ID in https://rest.uniprot.org/uniprotkb/search?query=NM_012115.4(CASP8AP2)
Error getting UniProt ID in https://rest.uniprot.org/uniprotkb/search?query=NM_001362.4(DIO3)
Error getting UniProt ID in https://rest.uniprot.org/uniprotkb/search?query=NM_015398.4(FAM149A)
Error getting UniProt ID in https://rest.uniprot.org/uniprotkb/search?query=NM_012360.2(OR1F1)
Error getting UniProt ID in https://rest.uniprot.org/uniprotkb/search?query=NM_033631.5(LUZP1)
Error getting UniProt ID in https://rest.uniprot.org/uniprotkb/search?query=NM_012115.4(CASP8AP2)
Error getting UniProt ID in https://rest.uniprot.org/uniprotkb/search?query=NM_001013672.5(C17orf97)
Error getting UniProt ID in https://rest.uniprot.org/uniprotkb/search?query=NM_001913.5(CUX1)
Error getting UniProt ID in https://rest.uniprot.org/uniprotkb/search?query=NM_001013672.5(C17orf97)
Error getting UniProt ID in https://rest.uniprot.org/uniprotkb/search?query=NM_000937.5(POLR2A)
Error getting UniProt ID in https://rest.uniprot.org/uniprotkb/search?query=NM_012115.4(CASP8AP2)
Error getting UniProt ID in https://rest.uniprot.org/uniprotkb/search?query=NM_013289.3(KIR3DL1)
Error getting UniProt ID in https://rest.uniprot.org/uniprotkb/search?query=NM_017431.4(PRKAG3)
Error getting UniProt ID in https://rest.uniprot.org/uniprotkb/search?query=NM_000937.5(POLR2A)
Error getting UniProt ID in https://rest.uniprot.org/uniprotkb/search?query=NM_000937.5(POLR2A)
Error getting UniProt ID in https://rest.uniprot.org/uniprotkb/search?query=NM_001723.7(DST)
Error getting UniProt ID in https://rest.uniprot.org/uniprotkb/search?query=NM_001723.7(DST)
Error getting UniProt ID in https://rest.uniprot.org/uniprotkb/search?query=NM_001723.7(DST)
Error getting UniProt ID in https://rest.uniprot.org/uniprotkb/search?query=NM_001723.7(DST)
Error getting UniProt ID in https://rest.uniprot.org/uniprotkb/search?query=NM_017890.5(VPS13B)
Error getting UniProt ID in https://rest.uniprot.org/uniprotkb/search?query=NM_017890.5(VPS13B)
Error getting UniProt ID in https://rest.uniprot.org/uniprotkb/search?query=NM_001723.7(DST)
Error getting UniProt ID in https://rest.uniprot.org/uniprotkb/search?query=NM_001723.7(DST)
Error getting UniProt ID in https://rest.uniprot.org/uniprotkb/search?query=NM_000937.5(POLR2A)
Error getting UniProt ID in https://rest.uniprot.org/uniprotkb/search?query=NM_001723.7(DST)
Error getting UniProt ID in https://rest.uniprot.org/uniprotkb/search?query=NM_001723.7(DST)
Error getting UniProt ID in https://rest.uniprot.org/uniprotkb/search?query=NM_003494.4(DYSF)
Error getting UniProt ID in https://rest.uniprot.org/uniprotkb/search?query=NM_003320.5(TUB)
Error getting UniProt ID in https://rest.uniprot.org/uniprotkb/search?query=NM_003494.4(DYSF)
Error getting UniProt ID in https://rest.uniprot.org/uniprotkb/search?query=NM_003494.4(DYSF)
Error getting UniProt ID in https://rest.uniprot.org/uniprotkb/search?query=NM_003320.5(TUB)
Error getting UniProt ID in https://rest.uniprot.org/uniprotkb/search?query=NM_001723.7(DST)
Error getting UniProt ID in https://rest.uniprot.org/uniprotkb/search?query=NM_015697.9(COQ2)
Error getting UniProt ID in https://rest.uniprot.org/uniprotkb/search?query=NM_000937.5(POLR2A)
Error getting UniProt ID in https://rest.uniprot.org/uniprotkb/search?query=NM_001913.5(CUX1)
Error getting UniProt ID in https://rest.uniprot.org/uniprotkb/search?query=NM_001723.7(DST)
Error getting UniProt ID in https://rest.uniprot.org/uniprotkb/search?query=NM_000720.4(CACNA1D)
Error getting UniProt ID in https://rest.uniprot.org/uniprotkb/search?query=NM_003320.5(TUB)
Error getting UniProt ID in https://rest.uniprot.org/uniprotkb/search?query=NM_001723.7(DST)
Error getting UniProt ID in https://rest.uniprot.org/uniprotkb/search?query=NM_001723.7(DST)
Error getting UniProt ID in https://rest.uniprot.org/uniprotkb/search?query=NM_001723.7(DST)
Error getting UniProt ID in https://rest.uniprot.org/uniprotkb/search?query=NM_001723.7(DST)
Error getting UniProt ID in https://rest.uniprot.org/uniprotkb/search?query=NM_015697.9(COQ2)
Error getting UniProt ID in https://rest.uniprot.org/uniprotkb/search?query=NM_001723.7(DST)
Error getting UniProt ID in https://rest.uniprot.org/uniprotkb/search?query=NM_003320.5(TUB)
Error getting UniProt ID in https://rest.uniprot.org/uniprotkb/search?query=NM_003494.4(DYSF)
Error getting UniProt ID in https://rest.uniprot.org/uniprotkb/search?query=NM_001723.7(DST)
Error getting UniProt ID in https://rest.uniprot.org/uniprotkb/search?query=NM_003320.5(TUB)
Error getting UniProt ID in https://rest.uniprot.org/uniprotkb/search?query=NM_001723.7(DST)
Error getting UniProt ID in https://rest.uniprot.org/uniprotkb/search?query=NM_001723.7(DST)
Error getting UniProt ID in https://rest.uniprot.org/uniprotkb/search?query=NM_015697.9(COQ2)
Error getting UniProt ID in https://rest.uniprot.org/uniprotkb/search?query=NM_001723.7(DST)
Error getting UniProt ID in https://rest.uniprot.org/uniprotkb/search?query=NM_000720.4(CACNA1D)
Error getting UniProt ID in https://rest.uniprot.org/uniprotkb/search?query=NM_001723.7(DST)
Error getting UniProt ID in https://rest.uniprot.org/uniprotkb/search?query=NM_001723.7(DST)
Error getting UniProt ID in https://rest.uniprot.org/uniprotkb/search?query=NM_030813.6(CLPB)
Error getting UniProt ID in https://rest.uniprot.org/uniprotkb/search?query=NM_001723.7(DST)
Error getting UniProt ID in https://rest.uniprot.org/uniprotkb/search?query=NM_003494.4(DYSF)
Error getting UniProt ID in https://rest.uniprot.org/uniprotkb/search?query=NM_003494.4(DYSF)
Error getting UniProt ID in https://rest.uniprot.org/uniprotkb/search?query=NM_001723.7(DST)
Error getting UniProt ID in https://rest.uniprot.org/uniprotkb/search?query=NM_005709.4(USH1C)
Error getting UniProt ID in https://rest.uniprot.org/uniprotkb/search?query=NM_006640.5(SEPTIN9)
Error getting UniProt ID in https://rest.uniprot.org/uniprotkb/search?query=NM_005709.4(USH1C)
Error getting UniProt ID in https://rest.uniprot.org/uniprotkb/search?query=NM_000937.5(POLR2A)
Error getting UniProt ID in https://rest.uniprot.org/uniprotkb/search?query=NM_000937.5(POLR2A)
Error getting UniProt ID in https://rest.uniprot.org/uniprotkb/search?query=NM_003588.4(CUL4B)
Error getting UniProt ID in https://rest.uniprot.org/uniprotkb/search?query=NM_001723.7(DST)
Error getting UniProt ID in https://rest.uniprot.org/uniprotkb/search?query=NM_001723.7(DST)
Error getting UniProt ID in https://rest.uniprot.org/uniprotkb/search?query=NM_001723.7(DST)
Error getting UniProt ID in https://rest.uniprot.org/uniprotkb/search?query=NM_001723.7(DST)
Error getting UniProt ID in https://rest.uniprot.org/uniprotkb/search?query=NM_001723.7(DST)
Error getting UniProt ID in https://rest.uniprot.org/uniprotkb/search?query=NM_001723.7(DST)
Error getting UniProt ID in https://rest.uniprot.org/uniprotkb/search?query=NM_001723.7(DST)
Error getting UniProt ID in https://rest.uniprot.org/uniprotkb/search?query=NM_001723.7(DST)
Error getting UniProt ID in https://rest.uniprot.org/uniprotkb/search?query=NM_000720.4(CACNA1D)
Error getting UniProt ID in https://rest.uniprot.org/uniprotkb/search?query=NM_001723.7(DST)
Error getting UniProt ID in https://rest.uniprot.org/uniprotkb/search?query=NM_003759.4(SLC4A4)
Error getting UniProt ID in https://rest.uniprot.org/uniprotkb/search?query=NM_001723.7(DST)
Error getting UniProt ID in https://rest.uniprot.org/uniprotkb/search?query=NM_017890.5(VPS13B)
Error getting UniProt ID in https://rest.uniprot.org/uniprotkb/search?query=NM_001723.7(DST)
Error getting UniProt ID in https://rest.uniprot.org/uniprotkb/search?query=NM_030813.6(CLPB)
Error getting UniProt ID in https://rest.uniprot.org/uniprotkb/search?query=NM_001723.7(DST)
Error getting UniProt ID in https://rest.uniprot.org/uniprotkb/search?query=NM_003494.4(DYSF)
Error getting UniProt ID in https://rest.uniprot.org/uniprotkb/search?query=NM_001723.7(DST)
Error getting UniProt ID in https://rest.uniprot.org/uniprotkb/search?query=NM_003320.5(TUB)
Error getting UniProt ID in https://rest.uniprot.org/uniprotkb/search?query=NM_001723.7(DST)
Error getting UniProt ID in https://rest.uniprot.org/uniprotkb/search?query=NM_017890.5(VPS13B)
