nohup: ignoring input
#20069:  69%|██████▉   | 1772/2562 [06:57<03:05,  4.25it/s]
#20069: 100%|██████████| 9/9 [00:04<00:00,  1.86it/s]
#20068:  63%|██████▎   | 1602/2562 [08:32<05:07,  3.13it/s]
#20072:  69%|██████▉   | 1766/2562 [09:10<04:08,  3.21it/s]
#20080:  44%|████▍     | 1139/2562 [09:51<12:19,  1.92it/s]
#20070:  60%|█████▉    | 1525/2562 [09:56<06:45,  2.56it/s]
#20079:  43%|████▎     | 1112/2562 [10:26<13:36,  1.77it/s]
#20081:  43%|████▎     | 1109/2562 [10:45<14:06,  1.72it/s]
#20071:  57%|█████▋    | 1463/2562 [10:58<08:14,  2.22it/s]
#20083:  59%|█████▉    | 1516/2562 [12:47<08:49,  1.97it/s]
#244578:  90%|████████▉ | 7167/7967 [1:53:52<12:42,  1.05it/s]
#244579:  94%|█████████▍| 7481/7967 [1:57:18<07:37,  1.06it/s]
#244582:  92%|█████████▏| 7340/7967 [1:59:50<10:14,  1.02it/s]
#244580:  96%|█████████▌| 7617/7967 [2:00:17<05:31,  1.06it/s]
#244576:  86%|████████▌ | 6850/7967 [2:00:44<19:41,  1.06s/it]
#244583:  93%|█████████▎| 7400/7967 [2:00:55<09:15,  1.02it/s]
#244581:  94%|█████████▍| 7523/7967 [2:03:04<07:15,  1.02it/s]
#244577:  97%|█████████▋| 7707/7967 [2:18:50<04:41,  1.08s/it]
7%|█████▋    | 1464/2562 [18:35<13:56,  1.31it/s]
#20087:  51%|█████     | 1299/2562 [21:30<20:54,  1.01it/s]
