17 processes
criteria provided, single submitter                     110714
criteria provided, multiple submitters, no conflicts     23431
reviewed by expert panel                                  1271
Name: ReviewStatus, dtype: int64
Included items with review status as ['criteria provided, multiple submitters, no conflicts', 'reviewed by expert panel', 'practice guideline'], length=24702
There are 24702 rows
Traceback (most recent call last):
  File "/home/grads/z/zshuying/Documents/shuying/ppi_mutation/scripts/mp_cpu.py", line 74, in <module>
    chunks_wild = [f_sequence_wild.loc[f.index[i:i + chunk_size_wild]] for i in range(0, f_sequence_wild.shape[0], chunk_size_wild)]
  File "/home/grads/z/zshuying/Documents/shuying/ppi_mutation/scripts/mp_cpu.py", line 74, in <listcomp>
    chunks_wild = [f_sequence_wild.loc[f.index[i:i + chunk_size_wild]] for i in range(0, f_sequence_wild.shape[0], chunk_size_wild)]
  File "/home/grads/z/zshuying/Downloads/ENTER/envs/shuying/lib/python3.10/site-packages/pandas/core/indexing.py", line 967, in __getitem__
    return self._getitem_axis(maybe_callable, axis=axis)
  File "/home/grads/z/zshuying/Downloads/ENTER/envs/shuying/lib/python3.10/site-packages/pandas/core/indexing.py", line 1194, in _getitem_axis
    return self._getitem_iterable(key, axis=axis)
  File "/home/grads/z/zshuying/Downloads/ENTER/envs/shuying/lib/python3.10/site-packages/pandas/core/indexing.py", line 1132, in _getitem_iterable
    keyarr, indexer = self._get_listlike_indexer(key, axis)
  File "/home/grads/z/zshuying/Downloads/ENTER/envs/shuying/lib/python3.10/site-packages/pandas/core/indexing.py", line 1330, in _get_listlike_indexer
    keyarr, indexer = ax._get_indexer_strict(key, axis_name)
  File "/home/grads/z/zshuying/Downloads/ENTER/envs/shuying/lib/python3.10/site-packages/pandas/core/indexes/base.py", line 5796, in _get_indexer_strict
    self._raise_if_missing(keyarr, indexer, axis_name)
  File "/home/grads/z/zshuying/Downloads/ENTER/envs/shuying/lib/python3.10/site-packages/pandas/core/indexes/base.py", line 5859, in _raise_if_missing
    raise KeyError(f"{not_found} not in index")
KeyError: '[11312, 11313, 11342, 11343, 11344, 11345, 11346, 11347, 11348, 11349, 11355, 11357, 11358, 11359, 11360, 11361, 11362, 11363, 11364, 11365, 11366, 11369, 11373, 11374, 11375, 11376, 11377, 11384, 11390, 11394, 11396, 11398, 11403, 11404, 11418, 11419, 11424, 11426, 11431, 11447, 11448, 11449, 11450, 11459, 11461, 11462, 11463, 11464, 11477, 11478, 11481, 11485, 11487, 11488, 11491, 11492, 11496, 11497, 11498, 11499, 11500, 11501, 11502, 11503, 11504, 11505, 11510, 11513, 11514, 11515, 11516, 11520, 11521, 11522, 11530, 11531, 11539, 11540, 11541, 11542, 11543, 11544, 11546, 11547, 11548, 11554, 11558, 11559, 11565, 11581, 11582, 11583, 11584, 11585, 11586, 11611, 11615, 11616, 11618, 11619, 11620, 11621, 11622, 11623, 11625, 11626, 11627, 11630, 11637, 11640, 11644, 11645, 11648, 11652, 11653, 11654, 11655, 11656, 11658, 11659, 11660, 11661, 11666, 11667, 11668, 11669, 11670, 11671, 11672, 11673, 11674, 11678, 11681, 11683, 11685, 11687, 11689, 11691, 11698, 11699, 11700, 11701, 11702, 11703, 11706, 11710, 11713, 11714, 11715, 11716, 11717, 11718, 11719, 11723, 11724, 11725, 11726, 11729, 11730, 11737, 11738, 11739, 11740, 11743, 11745, 11747, 11749, 11758, 11759, 11760, 11761, 11768, 11769, 11770, 11779, 11782, 11783, 11786, 11787, 11789, 11791, 11793, 11795, 11797, 11799, 11800, 11803, 11804, 11805, 11806, 11808, 11809, 11810, 11814, 11817, 11818, 11819, 11821, 11825, 11827, 11828, 11830, 11832, 11841, 11845, 11846, 11847, 11849, 11852, 11854, 11855, 11858, 11859, 11865, 11866, 11870, 11871, 11877, 11882, 11886, 11892, 11893, 11894, 11902, 11907, 11908, 11910, 11911, 11912, 11913, 11915, 11917, 11919, 11920, 11921, 11922, 11923, 11924, 11925, 11926, 11927, 11928, 11929, 11935, 11939, 11948, 11949, 11951, 11952, 11953, 11955, 11959, 11961, 11963, 11964, 11965, 11966, 11973, 11974, 11975, 11977, 11979, 11983, 11984, 11985, 11986, 11988, 11989, 11992, 11998, 12000, 12004, 12005, 12010, 12011, 12012, 12013, 12022, 12028, 12038, 12039, 12040, 12048, 12049, 12052, 12053, 12056, 12057, 12058, 12059, 12060, 12061, 12064, 12065, 12068, 12069, 12070, 12073, 12074, 12082, 12083, 12084, 12087, 12088, 12090] not in index'
